生成启动时间为 2020/4/12 13:56:30。
     1>项目“E:\0_备课资料\4_C语言备课\C++趣味游戏开发\写书案例代码视频\第1章\chapter1\chapter1\chapter1.vcxproj”在节点 2 上(build 个目标)。
     1>InitializeBuildStatus:
         正在创建“Debug\chapter1.unsuccessfulbuild”，因为已指定“AlwaysCreate”。
       ClCompile:
         d:\Program Files (x86)\Microsoft Visual Studio 10.0\VC\bin\CL.exe /c /ZI /nologo /W3 /WX- /Od /Oy- /D WIN32 /D _DEBUG /D _CONSOLE /D _UNICODE /D UNICODE /Gm /EHsc /RTC1 /MDd /GS /fp:precise /Zc:wchar_t /Zc:forScope /Fo"Debug\\" /Fd"Debug\vc100.pdb" /Gd /TP /analyze- /errorReport:prompt main.cpp
         main.cpp
       ManifestResourceCompile:
         C:\Program Files (x86)\Microsoft SDKs\Windows\v7.0A\bin\rc.exe /nologo /fo"Debug\chapter1.exe.embed.manifest.res" Debug\chapter1_manifest.rc 
       Link:
         d:\Program Files (x86)\Microsoft Visual Studio 10.0\VC\bin\link.exe /ERRORREPORT:PROMPT /OUT:"E:\0_备课资料\4_C语言备课\C++趣味游戏开发\写书案例代码视频\第1章\chapter1\Debug\chapter1.exe" /INCREMENTAL /NOLOGO kernel32.lib user32.lib gdi32.lib winspool.lib comdlg32.lib advapi32.lib shell32.lib ole32.lib oleaut32.lib uuid.lib odbc32.lib odbccp32.lib /MANIFEST /ManifestFile:"Debug\chapter1.exe.intermediate.manifest" /MANIFESTUAC:"level='asInvoker' uiAccess='false'" /DEBUG /PDB:"E:\0_备课资料\4_C语言备课\C++趣味游戏开发\写书案例代码视频\第1章\chapter1\Debug\chapter1.pdb" /SUBSYSTEM:CONSOLE /TLBID:1 /DYNAMICBASE /NXCOMPAT /IMPLIB:"E:\0_备课资料\4_C语言备课\C++趣味游戏开发\写书案例代码视频\第1章\chapter1\Debug\chapter1.lib" /MACHINE:X86 Debug\chapter1.exe.embed.manifest.res
         Debug\main.obj
       Manifest:
         C:\Program Files (x86)\Microsoft SDKs\Windows\v7.0A\bin\mt.exe /nologo /verbose /out:"Debug\chapter1.exe.embed.manifest" /manifest Debug\chapter1.exe.intermediate.manifest
         C:\Program Files (x86)\Microsoft SDKs\Windows\v7.0A\bin\rc.exe /nologo /fo"Debug\chapter1.exe.embed.manifest.res" Debug\chapter1_manifest.rc 
       LinkEmbedManifest:
         d:\Program Files (x86)\Microsoft Visual Studio 10.0\VC\bin\link.exe /ERRORREPORT:PROMPT /OUT:"E:\0_备课资料\4_C语言备课\C++趣味游戏开发\写书案例代码视频\第1章\chapter1\Debug\chapter1.exe" /INCREMENTAL /NOLOGO kernel32.lib user32.lib gdi32.lib winspool.lib comdlg32.lib advapi32.lib shell32.lib ole32.lib oleaut32.lib uuid.lib odbc32.lib odbccp32.lib /MANIFEST /ManifestFile:"Debug\chapter1.exe.intermediate.manifest" /MANIFESTUAC:"level='asInvoker' uiAccess='false'" /DEBUG /PDB:"E:\0_备课资料\4_C语言备课\C++趣味游戏开发\写书案例代码视频\第1章\chapter1\Debug\chapter1.pdb" /SUBSYSTEM:CONSOLE /TLBID:1 /DYNAMICBASE /NXCOMPAT /IMPLIB:"E:\0_备课资料\4_C语言备课\C++趣味游戏开发\写书案例代码视频\第1章\chapter1\Debug\chapter1.lib" /MACHINE:X86 Debug\chapter1.exe.embed.manifest.res
         Debug\main.obj
         chapter1.vcxproj -> E:\0_备课资料\4_C语言备课\C++趣味游戏开发\写书案例代码视频\第1章\chapter1\Debug\chapter1.exe
       FinalizeBuildStatus:
         正在删除文件“Debug\chapter1.unsuccessfulbuild”。
         正在对“Debug\chapter1.lastbuildstate”执行 Touch 任务。
     1>已完成生成项目“E:\0_备课资料\4_C语言备课\C++趣味游戏开发\写书案例代码视频\第1章\chapter1\chapter1\chapter1.vcxproj”(build 个目标)的操作。

生成成功。

已用时间 00:00:03.87
